<?xml version="1.0" encoding="UTF-8"?>
<!-- Generated by org.testng.reporters.JUnitReportReporter -->
<testsuite hostname="LAPTOP-2EFBE5KP" failures="1" tests="5" name="com.Amazon1Automation.QA.TestCases.ValidateAllDropDownTC" time="13.099" errors="0" timestamp="2022-12-07T18:23:13 IST" skipped="1">
  <testcase classname="com.Amazon1Automation.QA.TestCases.ValidateAllDropDownTC" name="initilize" time="2.399"/>
  <system-out/>
  <testcase classname="com.Amazon1Automation.QA.TestCases.ValidateAllDropDownTC" name="CreateObjects" time="0.008"/>
  <system-out/>
  <testcase classname="com.Amazon1Automation.QA.TestCases.ValidateAllDropDownTC" name="launchLogin" time="4.597"/>
  <system-out/>
  <testcase classname="com.Amazon1Automation.QA.TestCases.ValidateAllDropDownTC" name="executeAllDropDown" time="6.095">
    <failure message="The following asserts failed:
	The dropdown value is not selected expected [mputers &amp; Accessories] but found [Computers &amp; Accessories]" type="java.lang.AssertionError">
      <![CDATA[java.lang.AssertionError: The following asserts failed:
The dropdown value is not selected expected [mputers & Accessories] but found [Computers & Accessories]
at org.testng.asserts.SoftAssert.assertAll(SoftAssert.java:47)
at org.testng.asserts.SoftAssert.assertAll(SoftAssert.java:31)
at com.Amazon1Automation.QA.PageObjects.SearchProductsPageObjects.workingWithDropDown(SearchProductsPageObjects.java:78)
at com.Amazon1Automation.QA.TestCases.ValidateAllDropDownTC.executeAllDropDown(ValidateAllDropDownTC.java:27)
at java.base/jdk.internal.reflect.NativeMethodAccessorImpl.invoke0(Native Method)
at java.base/jdk.internal.reflect.NativeMethodAccessorImpl.invoke(NativeMethodAccessorImpl.java:78)
at java.base/jdk.internal.reflect.DelegatingMethodAccessorImpl.invoke(DelegatingMethodAccessorImpl.java:43)
at java.base/java.lang.reflect.Method.invoke(Method.java:567)
at org.testng.internal.MethodInvocationHelper.invokeMethod(MethodInvocationHelper.java:133)
at org.testng.internal.TestInvoker.invokeMethod(TestInvoker.java:598)
at org.testng.internal.TestInvoker.invokeTestMethod(TestInvoker.java:173)
at org.testng.internal.MethodRunner.runInSequence(MethodRunner.java:46)
at org.testng.internal.TestInvoker$MethodInvocationAgent.invoke(TestInvoker.java:824)
at org.testng.internal.TestInvoker.invokeTestMethods(TestInvoker.java:146)
at org.testng.internal.TestMethodWorker.invokeTestMethods(TestMethodWorker.java:146)
at org.testng.internal.TestMethodWorker.run(TestMethodWorker.java:128)
at java.base/java.util.ArrayList.forEach(ArrayList.java:1511)
at org.testng.TestRunner.privateRun(TestRunner.java:794)
at org.testng.TestRunner.run(TestRunner.java:596)
at org.testng.SuiteRunner.runTest(SuiteRunner.java:377)
at org.testng.SuiteRunner.runSequentially(SuiteRunner.java:371)
at org.testng.SuiteRunner.privateRun(SuiteRunner.java:332)
at org.testng.SuiteRunner.run(SuiteRunner.java:276)
at org.testng.SuiteRunnerWorker.runSuite(SuiteRunnerWorker.java:53)
at org.testng.SuiteRunnerWorker.run(SuiteRunnerWorker.java:96)
at org.testng.TestNG.runSuitesSequentially(TestNG.java:1212)
at org.testng.TestNG.runSuitesLocally(TestNG.java:1134)
at org.testng.TestNG.runSuites(TestNG.java:1063)
at org.testng.TestNG.run(TestNG.java:1031)
at org.testng.remote.AbstractRemoteTestNG.run(AbstractRemoteTestNG.java:115)
at org.testng.remote.RemoteTestNG.initAndRun(RemoteTestNG.java:251)
at org.testng.remote.RemoteTestNG.main(RemoteTestNG.java:77)
]]>
    </failure>
  </testcase> <!-- executeAllDropDown -->
  <system-out/>
  <testcase classname="com.Amazon1Automation.QA.TestCases.ValidateAllDropDownTC" name="performLogout">
    <skipped/>
  </testcase> <!-- performLogout -->
  <system-out/>
</testsuite> <!-- com.Amazon1Automation.QA.TestCases.ValidateAllDropDownTC -->
